<?xml version="1.0" encoding="UTF-8"?>
<!-- Generated by org.testng.reporters.JUnitReportReporter -->
<testsuite hostname="DESKTOP-ITT96FI" failures="0" tests="1" name="test.TC002_ValidateBrokenLink" time="14.987" errors="0" timestamp="2024-12-18T16:58:06 IST" skipped="0">
  <testcase classname="test.TC002_ValidateBrokenLink" name="FindBrokenLink" time="14.987"/>
</testsuite> <!-- test.TC002_ValidateBrokenLink -->
