<?xml version="1.0" encoding="UTF-8"?>
<!-- Generated by org.testng.reporters.JUnitReportReporter -->
<testsuite hostname="DESKTOP-ITT96FI" failures="0" tests="1" name="test.TC006_ValidateSearchAndAdd" time="54.197" errors="0" timestamp="2024-12-18T17:26:23 IST" skipped="0">
  <testcase classname="test.TC006_ValidateSearchAndAdd" name="ValidateShoingCart" time="54.197"/>
</testsuite> <!-- test.TC006_ValidateSearchAndAdd -->
