<?xml version="1.0" encoding="UTF-8"?>
<!-- Generated by org.testng.reporters.JUnitReportReporter -->
<testsuite hostname="DESKTOP-ITT96FI" failures="0" tests="1" name="test.TC009_NavigateToCheckOut" time="74.608" errors="0" timestamp="2024-12-18T16:58:06 IST" skipped="0">
  <testcase classname="test.TC009_NavigateToCheckOut" name="ValidateShoingCart" time="74.608"/>
</testsuite> <!-- test.TC009_NavigateToCheckOut -->
