<?xml version="1.0" encoding="UTF-8"?>
<!-- Generated by org.testng.reporters.JUnitReportReporter -->
<testsuite hostname="DESKTOP-ITT96FI" failures="0" tests="1" name="test.TC007_ValidateAddItemFromDept" time="54.747" errors="0" timestamp="2024-12-18T17:27:38 IST" skipped="0">
  <testcase classname="test.TC007_ValidateAddItemFromDept" name="ValidateShoingCart" time="54.747"/>
</testsuite> <!-- test.TC007_ValidateAddItemFromDept -->
