<?xml version="1.0" encoding="UTF-8"?>
<!-- Generated by org.testng.reporters.JUnitReportReporter -->
<testsuite hostname="DESKTOP-ITT96FI" failures="0" tests="2" name="test.TC004_ValidateSignUp" time="62.234" errors="0" timestamp="2024-12-18T16:58:06 IST" skipped="0">
  <testcase classname="test.TC004_ValidateSignUp" name="SignUpTest" time="28.054"/>
  <testcase classname="test.TC004_ValidateSignUp" name="SignUpTest" time="34.180"/>
</testsuite> <!-- test.TC004_ValidateSignUp -->
