<?xml version="1.0" encoding="UTF-8"?>
<!-- Generated by org.testng.reporters.JUnitReportReporter -->
<testsuite hostname="DESKTOP-ITT96FI" failures="0" tests="1" name="test.TC005_ValidateMenuOnEachPage" time="113.866" errors="0" timestamp="2024-12-18T16:58:06 IST" skipped="0">
  <testcase classname="test.TC005_ValidateMenuOnEachPage" name="ValidateEachMeuUnderMainmenu" time="113.866"/>
</testsuite> <!-- test.TC005_ValidateMenuOnEachPage -->
