<?xml version="1.0" encoding="UTF-8"?>
<!-- Generated by org.testng.reporters.JUnitReportReporter -->
<testsuite hostname="DESKTOP-ITT96FI" failures="0" tests="1" name="test.TC008_ValidateAddItemFromBrand" time="34.307" errors="0" timestamp="2024-12-18T16:58:06 IST" skipped="0">
  <testcase classname="test.TC008_ValidateAddItemFromBrand" name="ValidateShoingCart" time="34.307"/>
</testsuite> <!-- test.TC008_ValidateAddItemFromBrand -->
