<?xml version="1.0" encoding="UTF-8"?>
<!-- Generated by org.testng.reporters.JUnitReportReporter -->
<testsuite hostname="DESKTOP-ITT96FI" failures="0" tests="1" name="test.TC003_ValidateBrokenBottomLink" time="503.719" errors="0" timestamp="2024-12-18T16:58:06 IST" skipped="0">
  <testcase classname="test.TC003_ValidateBrokenBottomLink" name="BottomLinks" time="503.719"/>
</testsuite> <!-- test.TC003_ValidateBrokenBottomLink -->
