<?xml version="1.0" encoding="UTF-8"?>
<!-- Generated by org.testng.reporters.JUnitReportReporter -->
<testsuite hostname="DESKTOP-ITT96FI" failures="0" tests="1" name="test.TC005_ValidateMenuOnEachPage" time="97.591" errors="0" timestamp="2024-12-19T18:09:00 IST" skipped="0">
  <testcase classname="test.TC005_ValidateMenuOnEachPage" name="ValidateEachMeuUnderMainmenu" time="97.591"/>
</testsuite> <!-- test.TC005_ValidateMenuOnEachPage -->
