<?xml version="1.0" encoding="UTF-8"?>
<!-- Generated by org.testng.reporters.JUnitReportReporter -->
<testsuite hostname="DESKTOP-ITT96FI" failures="0" tests="1" name="test.TC002_ValidateBrokenLink" time="15.397" errors="0" timestamp="2024-12-19T18:09:00 IST" skipped="0">
  <testcase classname="test.TC002_ValidateBrokenLink" name="FindBrokenLink" time="15.397"/>
</testsuite> <!-- test.TC002_ValidateBrokenLink -->
