<?xml version="1.0" encoding="UTF-8"?>
<!-- Generated by org.testng.reporters.JUnitReportReporter -->
<testsuite hostname="DESKTOP-ITT96FI" failures="0" tests="1" name="test.TC003_ValidateBrokenBottomLink" time="493.946" errors="0" timestamp="2024-12-19T18:09:01 IST" skipped="0">
  <testcase classname="test.TC003_ValidateBrokenBottomLink" name="BottomLinks" time="493.946"/>
</testsuite> <!-- test.TC003_ValidateBrokenBottomLink -->
