<?xml version="1.0" encoding="UTF-8"?>
<!-- Generated by org.testng.reporters.JUnitReportReporter -->
<testsuite hostname="DESKTOP-ITT96FI" failures="0" tests="2" name="test.TC004_ValidateSignUp" time="55.791" errors="0" timestamp="2024-12-19T18:09:00 IST" skipped="0">
  <testcase classname="test.TC004_ValidateSignUp" name="SignUpTest" time="28.072"/>
  <testcase classname="test.TC004_ValidateSignUp" name="SignUpTest" time="27.719"/>
</testsuite> <!-- test.TC004_ValidateSignUp -->
